<?xml version="1.0" encoding="UTF-8"?>
<!-- Generated by org.testng.reporters.JUnitReportReporter -->
<testsuite hostname="DESKTOP-32DC0MT" failures="0" tests="1" name="testCases.Test_AccountloginPage" time="4.066" errors="0" timestamp="2023-09-20T19:47:33 IST" skipped="0">
  <testcase classname="testCases.Test_AccountloginPage" name="test_login" time="4.066"/>
</testsuite> <!-- testCases.Test_AccountloginPage -->
